<?xml version="1.0" encoding="UTF-8" ?>
<testsuite failures="0" time="1.142" errors="2" skipped="2" tests="79" name="com.alibaba.dubbo.common.serialize.serialization.DubboSerializationTest">
  <properties>
    <property name="java.runtime.name" value="Java(TM) SE Runtime Environment"/>
    <property name="sun.boot.library.path" value="D:\CI\JDK\jre\bin"/>
    <property name="java.vm.version" value="22.1-b02"/>
    <property name="user.country.format" value="CN"/>
    <property name="java.vm.vendor" value="Oracle Corporation"/>
    <property name="java.vendor.url" value="http://java.oracle.com/"/>
    <property name="path.separator" value=";"/>
    <property name="guice.disable.misplaced.annotation.check" value="true"/>
    <property name="java.vm.name" value="Java HotSpot(TM) 64-Bit Server VM"/>
    <property name="file.encoding.pkg" value="sun.io"/>
    <property name="user.script" value=""/>
    <property name="user.country" value="US"/>
    <property name="sun.java.launcher" value="SUN_STANDARD"/>
    <property name="sun.os.patch.level" value="Service Pack 1"/>
    <property name="java.vm.specification.name" value="Java Virtual Machine Specification"/>
    <property name="user.dir" value="d:\Projects\dubbo\dubbo-common"/>
    <property name="java.runtime.version" value="1.7.0_03-b05"/>
    <property name="java.awt.graphicsenv" value="sun.awt.Win32GraphicsEnvironment"/>
    <property name="java.endorsed.dirs" value="D:\CI\JDK\jre\lib\endorsed"/>
    <property name="os.arch" value="amd64"/>
    <property name="java.io.tmpdir" value="C:\Users\ADMINI~1\AppData\Local\Temp\1\"/>
    <property name="line.separator" value="
"/>
    <property name="java.vm.specification.vendor" value="Oracle Corporation"/>
    <property name="user.variant" value=""/>
    <property name="os.name" value="Windows Server 2008 R2"/>
    <property name="classworlds.conf" value="D:\CI\maven\bin\m2.conf"/>
    <property name="sun.jnu.encoding" value="GBK"/>
    <property name="java.library.path" value="D:\CI\JDK\bin;C:\Windows\Sun\Java\bin;C:\Windows\system32;C:\Windows;C:\Windows\system32;C:\Windows;C:\Windows\System32\Wbem;C:\Windows\System32\WindowsPowerShell\v1.0\;D:\Tools\MySQL\Server\bin;D:\CI\JDK\bin;;d:\Tools\WinMerge;C:\Program Files (x86)\QuickTime\QTSystem\;D:\Tools\SecureCRT\;D:\Tools\TortoiseSVN\bin;D:\Tools\MySQL\bin;D:\Tools\MySQL\MySQL Server 5.5\bin;C:\Windows\system32;C:\Windows;C:\Windows\System32\Wbem;C:\Windows\System32\WindowsPowerShell\v1.0\;D:\Tools\MySQL\Server\bin;D:\CI\JDK\bin;;d:\Tools\WinMerge;C:\Program Files (x86)\QuickTime\QTSystem\;D:\Tools\SecureCRT\;D:\Tools\TortoiseSVN\bin;D:\Tools\MySQL\bin;D:\Tools\MySQL\MySQL Server 5.5\bin;D:\CI\maven\\bin;."/>
    <property name="java.specification.name" value="Java Platform API Specification"/>
    <property name="java.class.version" value="51.0"/>
    <property name="sun.management.compiler" value="HotSpot 64-Bit Tiered Compilers"/>
    <property name="os.version" value="6.1"/>
    <property name="user.home" value="C:\Users\Administrator"/>
    <property name="user.timezone" value="Asia/Shanghai"/>
    <property name="java.awt.printerjob" value="sun.awt.windows.WPrinterJob"/>
    <property name="java.specification.version" value="1.7"/>
    <property name="file.encoding" value="GBK"/>
    <property name="user.name" value="Administrator"/>
    <property name="java.class.path" value="D:\CI\maven\boot\plexus-classworlds-2.4.jar"/>
    <property name="java.vm.specification.version" value="1.7"/>
    <property name="sun.arch.data.model" value="64"/>
    <property name="java.home" value="D:\CI\JDK\jre"/>
    <property name="sun.java.command" value="org.codehaus.plexus.classworlds.launcher.Launcher deploy"/>
    <property name="java.specification.vendor" value="Oracle Corporation"/>
    <property name="user.language" value="en"/>
    <property name="user.language.format" value="zh"/>
    <property name="awt.toolkit" value="sun.awt.windows.WToolkit"/>
    <property name="java.vm.info" value="mixed mode"/>
    <property name="java.version" value="1.7.0_03"/>
    <property name="java.ext.dirs" value="D:\CI\JDK\jre\lib\ext;C:\Windows\Sun\Java\lib\ext"/>
    <property name="sun.boot.class.path" value="D:\CI\JDK\jre\lib\resources.jar;D:\CI\JDK\jre\lib\rt.jar;D:\CI\JDK\jre\lib\sunrsasign.jar;D:\CI\JDK\jre\lib\jsse.jar;D:\CI\JDK\jre\lib\jce.jar;D:\CI\JDK\jre\lib\charsets.jar;D:\CI\JDK\jre\classes"/>
    <property name="java.vendor" value="Oracle Corporation"/>
    <property name="maven.home" value="D:\CI\maven"/>
    <property name="file.separator" value="\"/>
    <property name="java.vendor.url.bug" value="http://bugreport.sun.com/bugreport/"/>
    <property name="sun.cpu.endian" value="little"/>
    <property name="sun.io.unicode.encoding" value="UnicodeLittle"/>
    <property name="sun.desktop" value="windows"/>
    <property name="sun.cpu.isalist" value="amd64"/>
  </properties>
  <testcase time="0" classname="com.alibaba.dubbo.common.serialize.serialization.DubboSerializationTest" name="test_LoopReference">
    <skipped/>
  </testcase>
  <testcase time="0" classname="com.alibaba.dubbo.common.serialize.serialization.DubboSerializationTest" name="test_StringList_asListReturn">
    <skipped/>
  </testcase>
  <testcase time="0.26" classname="com.alibaba.dubbo.common.serialize.serialization.DubboSerializationTest" name="test_Person"/>
  <testcase time="0.001" classname="com.alibaba.dubbo.common.serialize.serialization.DubboSerializationTest" name="test_PersonSet"/>
  <testcase time="0.001" classname="com.alibaba.dubbo.common.serialize.serialization.DubboSerializationTest" name="test_IntPersonMap"/>
  <testcase time="0.001" classname="com.alibaba.dubbo.common.serialize.serialization.DubboSerializationTest" name="test_StringPersonMap"/>
  <testcase time="0.001" classname="com.alibaba.dubbo.common.serialize.serialization.DubboSerializationTest" name="test_StringPersonListMap"/>
  <testcase time="0.001" classname="com.alibaba.dubbo.common.serialize.serialization.DubboSerializationTest" name="test_PersonListList"/>
  <testcase time="0" classname="com.alibaba.dubbo.common.serialize.serialization.DubboSerializationTest" name="test_PersonList"/>
  <testcase time="0.003" classname="com.alibaba.dubbo.common.serialize.serialization.DubboSerializationTest" name="test_Bool"/>
  <testcase time="0" classname="com.alibaba.dubbo.common.serialize.serialization.DubboSerializationTest" name="test_Byte"/>
  <testcase time="0" classname="com.alibaba.dubbo.common.serialize.serialization.DubboSerializationTest" name="test_Short"/>
  <testcase time="0" classname="com.alibaba.dubbo.common.serialize.serialization.DubboSerializationTest" name="test_Integer"/>
  <testcase time="0" classname="com.alibaba.dubbo.common.serialize.serialization.DubboSerializationTest" name="test_Long"/>
  <testcase time="0" classname="com.alibaba.dubbo.common.serialize.serialization.DubboSerializationTest" name="test_Float"/>
  <testcase time="0" classname="com.alibaba.dubbo.common.serialize.serialization.DubboSerializationTest" name="test_Double"/>
  <testcase time="0.005" classname="com.alibaba.dubbo.common.serialize.serialization.DubboSerializationTest" name="test_Bytes"/>
  <testcase time="0.269" classname="com.alibaba.dubbo.common.serialize.serialization.DubboSerializationTest" name="test_SPerson"/>
  <testcase time="0.019" classname="com.alibaba.dubbo.common.serialize.serialization.DubboSerializationTest" name="test_enum"/>
  <testcase time="0" classname="com.alibaba.dubbo.common.serialize.serialization.DubboSerializationTest" name="test_Date"/>
  <testcase time="0" classname="com.alibaba.dubbo.common.serialize.serialization.DubboSerializationTest" name="test_Time"/>
  <testcase time="0.068" classname="com.alibaba.dubbo.common.serialize.serialization.DubboSerializationTest" name="test_BizExceptionNoDefaultConstructor_WithType"/>
  <testcase time="0.004" classname="com.alibaba.dubbo.common.serialize.serialization.DubboSerializationTest" name="test_BizExceptionNoDefaultConstructor"/>
  <testcase time="0.06" classname="com.alibaba.dubbo.common.serialize.serialization.DubboSerializationTest" name="test_MediaContent_WithType_badStream"/>
  <testcase time="0" classname="com.alibaba.dubbo.common.serialize.serialization.DubboSerializationTest" name="test_Bool_Multi"/>
  <testcase time="0" classname="com.alibaba.dubbo.common.serialize.serialization.DubboSerializationTest" name="test_Byte_Multi"/>
  <testcase time="0" classname="com.alibaba.dubbo.common.serialize.serialization.DubboSerializationTest" name="test_UtfString"/>
  <testcase time="0.001" classname="com.alibaba.dubbo.common.serialize.serialization.DubboSerializationTest" name="test_BytesRange"/>
  <testcase time="0.007" classname="com.alibaba.dubbo.common.serialize.serialization.DubboSerializationTest" name="test_boolArray"/>
  <testcase time="0" classname="com.alibaba.dubbo.common.serialize.serialization.DubboSerializationTest" name="test_boolArray_withType"/>
  <testcase time="0.005" classname="com.alibaba.dubbo.common.serialize.serialization.DubboSerializationTest" name="test_charArray"/>
  <testcase time="0" classname="com.alibaba.dubbo.common.serialize.serialization.DubboSerializationTest" name="test_charArray_withType"/>
  <testcase time="0.005" classname="com.alibaba.dubbo.common.serialize.serialization.DubboSerializationTest" name="test_shortArray"/>
  <testcase time="0" classname="com.alibaba.dubbo.common.serialize.serialization.DubboSerializationTest" name="test_shortArray_withType"/>
  <testcase time="0.005" classname="com.alibaba.dubbo.common.serialize.serialization.DubboSerializationTest" name="test_intArray"/>
  <testcase time="0" classname="com.alibaba.dubbo.common.serialize.serialization.DubboSerializationTest" name="test_intArray_withType"/>
  <testcase time="0.006" classname="com.alibaba.dubbo.common.serialize.serialization.DubboSerializationTest" name="test_longArray"/>
  <testcase time="0" classname="com.alibaba.dubbo.common.serialize.serialization.DubboSerializationTest" name="test_longArray_withType"/>
  <testcase time="0.012" classname="com.alibaba.dubbo.common.serialize.serialization.DubboSerializationTest" name="test_floatArray"/>
  <testcase time="0" classname="com.alibaba.dubbo.common.serialize.serialization.DubboSerializationTest" name="test_floatArray_withType"/>
  <testcase time="0.006" classname="com.alibaba.dubbo.common.serialize.serialization.DubboSerializationTest" name="test_doubleArray"/>
  <testcase time="0" classname="com.alibaba.dubbo.common.serialize.serialization.DubboSerializationTest" name="test_doubleArray_withType"/>
  <testcase time="0.001" classname="com.alibaba.dubbo.common.serialize.serialization.DubboSerializationTest" name="test_StringArray"/>
  <testcase time="0" classname="com.alibaba.dubbo.common.serialize.serialization.DubboSerializationTest" name="test_StringArray_withType"/>
  <testcase time="0.01" classname="com.alibaba.dubbo.common.serialize.serialization.DubboSerializationTest" name="test_IntegerArray"/>
  <testcase time="0" classname="com.alibaba.dubbo.common.serialize.serialization.DubboSerializationTest" name="test_IntegerArray_withType"/>
  <testcase time="0.007" classname="com.alibaba.dubbo.common.serialize.serialization.DubboSerializationTest" name="test_EnumArray"/>
  <testcase time="0" classname="com.alibaba.dubbo.common.serialize.serialization.DubboSerializationTest" name="test_EnumArray_withType"/>
  <testcase time="0" classname="com.alibaba.dubbo.common.serialize.serialization.DubboSerializationTest" name="test_SPerson_withType"/>
  <testcase time="0.009" classname="com.alibaba.dubbo.common.serialize.serialization.DubboSerializationTest" name="test_BizException"/>
  <testcase time="0.002" classname="com.alibaba.dubbo.common.serialize.serialization.DubboSerializationTest" name="test_BizException_WithType"/>
  <testcase time="0" classname="com.alibaba.dubbo.common.serialize.serialization.DubboSerializationTest" name="test_enum_withType"/>
  <testcase time="0.001" classname="com.alibaba.dubbo.common.serialize.serialization.DubboSerializationTest" name="test_Date_withType"/>
  <testcase time="0" classname="com.alibaba.dubbo.common.serialize.serialization.DubboSerializationTest" name="test_Time_withType"/>
  <testcase time="0.001" classname="com.alibaba.dubbo.common.serialize.serialization.DubboSerializationTest" name="test_ByteWrap"/>
  <testcase time="0" classname="com.alibaba.dubbo.common.serialize.serialization.DubboSerializationTest" name="test_ByteWrap_withType"/>
  <testcase time="0.001" classname="com.alibaba.dubbo.common.serialize.serialization.DubboSerializationTest" name="test_LongWrap"/>
  <testcase time="0" classname="com.alibaba.dubbo.common.serialize.serialization.DubboSerializationTest" name="test_LongWrap_withType"/>
  <testcase time="0.023" classname="com.alibaba.dubbo.common.serialize.serialization.DubboSerializationTest" name="test_BigInteger">
    <error message="(class: com/alibaba/dubbo/common/serialize/support/dubbo/Builder$bc17, method: newInstance signature: (Lcom/alibaba/dubbo/common/serialize/support/dubbo/GenericObjectInput;)Ljava/lang/Object;) Expecting to find object/array on stack" type="java.lang.RuntimeException">java.lang.RuntimeException: (class: com/alibaba/dubbo/common/serialize/support/dubbo/Builder$bc17, method: newInstance signature: (Lcom/alibaba/dubbo/common/serialize/support/dubbo/GenericObjectInput;)Ljava/lang/Object;) Expecting to find object/array on stack
	at com.alibaba.dubbo.common.serialize.support.dubbo.Builder.newObjectBuilder(Builder.java:752)
	at com.alibaba.dubbo.common.serialize.support.dubbo.Builder.newBuilder(Builder.java:188)
	at com.alibaba.dubbo.common.serialize.support.dubbo.Builder.register(Builder.java:154)
	at com.alibaba.dubbo.common.serialize.support.dubbo.GenericObjectOutput.writeObject(GenericObjectOutput.java:98)
	at com.alibaba.dubbo.common.serialize.serialization.AbstractSerializationTest.assertObject(AbstractSerializationTest.java:363)
	at com.alibaba.dubbo.common.serialize.serialization.AbstractSerializationTest.test_BigInteger(AbstractSerializationTest.java:851)
	at sun.reflect.NativeMethodAccessorImpl.invoke0(Native Method)
	at sun.reflect.NativeMethodAccessorImpl.invoke(Unknown Source)
	at sun.reflect.DelegatingMethodAccessorImpl.invoke(Unknown Source)
	at java.lang.reflect.Method.invoke(Unknown Source)
	at org.junit.runners.model.FrameworkMethod$1.runReflectiveCall(FrameworkMethod.java:45)
	at org.junit.internal.runners.model.ReflectiveCallable.run(ReflectiveCallable.java:15)
	at org.junit.runners.model.FrameworkMethod.invokeExplosively(FrameworkMethod.java:42)
	at org.junit.internal.runners.statements.InvokeMethod.evaluate(InvokeMethod.java:20)
	at org.junit.runners.ParentRunner.runLeaf(ParentRunner.java:263)
	at org.junit.runners.BlockJUnit4ClassRunner.runChild(BlockJUnit4ClassRunner.java:68)
	at org.junit.runners.BlockJUnit4ClassRunner.runChild(BlockJUnit4ClassRunner.java:47)
	at org.junit.runners.ParentRunner$3.run(ParentRunner.java:231)
	at org.junit.runners.ParentRunner$1.schedule(ParentRunner.java:60)
	at org.junit.runners.ParentRunner.runChildren(ParentRunner.java:229)
	at org.junit.runners.ParentRunner.access$000(ParentRunner.java:50)
	at org.junit.runners.ParentRunner$2.evaluate(ParentRunner.java:222)
	at org.junit.runners.ParentRunner.run(ParentRunner.java:300)
	at org.apache.maven.surefire.junit4.JUnit4TestSet.execute(JUnit4TestSet.java:53)
	at org.apache.maven.surefire.junit4.JUnit4Provider.executeTestSet(JUnit4Provider.java:123)
	at org.apache.maven.surefire.junit4.JUnit4Provider.invoke(JUnit4Provider.java:104)
	at sun.reflect.NativeMethodAccessorImpl.invoke0(Native Method)
	at sun.reflect.NativeMethodAccessorImpl.invoke(Unknown Source)
	at sun.reflect.DelegatingMethodAccessorImpl.invoke(Unknown Source)
	at java.lang.reflect.Method.invoke(Unknown Source)
	at org.apache.maven.surefire.util.ReflectionUtils.invokeMethodWithArray(ReflectionUtils.java:164)
	at org.apache.maven.surefire.booter.ProviderFactory$ProviderProxy.invoke(ProviderFactory.java:110)
	at org.apache.maven.surefire.booter.SurefireStarter.invokeProvider(SurefireStarter.java:175)
	at org.apache.maven.surefire.booter.SurefireStarter.runSuitesInProcessWhenForked(SurefireStarter.java:81)
	at org.apache.maven.surefire.booter.ForkedBooter.main(ForkedBooter.java:68)
Caused by: java.lang.VerifyError: (class: com/alibaba/dubbo/common/serialize/support/dubbo/Builder$bc17, method: newInstance signature: (Lcom/alibaba/dubbo/common/serialize/support/dubbo/GenericObjectInput;)Ljava/lang/Object;) Expecting to find object/array on stack
	at java.lang.Class.getDeclaredFields0(Native Method)
	at java.lang.Class.privateGetDeclaredFields(Unknown Source)
	at java.lang.Class.getField0(Unknown Source)
	at java.lang.Class.getField(Unknown Source)
	at com.alibaba.dubbo.common.serialize.support.dubbo.Builder.newObjectBuilder(Builder.java:740)
	... 34 more
</error>
    <system-out>2012-05-14 17:14:34,646 INFO [com.alibaba.dubbo.common.serialize.support.dubbo.Builder:newBuilder] -  [DUBBO] create Builder for class: class java.math.BigInteger, dubbo version: 2.0.0, current host: 127.0.0.1
</system-out>
  </testcase>
  <testcase time="0.007" classname="com.alibaba.dubbo.common.serialize.serialization.DubboSerializationTest" name="test_BigInteger_withType">
    <error message="(class: com/alibaba/dubbo/common/serialize/support/dubbo/Builder$bc18, method: newInstance signature: (Lcom/alibaba/dubbo/common/serialize/support/dubbo/GenericObjectInput;)Ljava/lang/Object;) Expecting to find object/array on stack" type="java.lang.RuntimeException">java.lang.RuntimeException: (class: com/alibaba/dubbo/common/serialize/support/dubbo/Builder$bc18, method: newInstance signature: (Lcom/alibaba/dubbo/common/serialize/support/dubbo/GenericObjectInput;)Ljava/lang/Object;) Expecting to find object/array on stack
	at com.alibaba.dubbo.common.serialize.support.dubbo.Builder.newObjectBuilder(Builder.java:752)
	at com.alibaba.dubbo.common.serialize.support.dubbo.Builder.newBuilder(Builder.java:188)
	at com.alibaba.dubbo.common.serialize.support.dubbo.Builder.register(Builder.java:154)
	at com.alibaba.dubbo.common.serialize.support.dubbo.GenericObjectOutput.writeObject(GenericObjectOutput.java:98)
	at com.alibaba.dubbo.common.serialize.serialization.AbstractSerializationTest.assertObjectWithType(AbstractSerializationTest.java:381)
	at com.alibaba.dubbo.common.serialize.serialization.AbstractSerializationTest.test_BigInteger_withType(AbstractSerializationTest.java:856)
	at sun.reflect.NativeMethodAccessorImpl.invoke0(Native Method)
	at sun.reflect.NativeMethodAccessorImpl.invoke(Unknown Source)
	at sun.reflect.DelegatingMethodAccessorImpl.invoke(Unknown Source)
	at java.lang.reflect.Method.invoke(Unknown Source)
	at org.junit.runners.model.FrameworkMethod$1.runReflectiveCall(FrameworkMethod.java:45)
	at org.junit.internal.runners.model.ReflectiveCallable.run(ReflectiveCallable.java:15)
	at org.junit.runners.model.FrameworkMethod.invokeExplosively(FrameworkMethod.java:42)
	at org.junit.internal.runners.statements.InvokeMethod.evaluate(InvokeMethod.java:20)
	at org.junit.runners.ParentRunner.runLeaf(ParentRunner.java:263)
	at org.junit.runners.BlockJUnit4ClassRunner.runChild(BlockJUnit4ClassRunner.java:68)
	at org.junit.runners.BlockJUnit4ClassRunner.runChild(BlockJUnit4ClassRunner.java:47)
	at org.junit.runners.ParentRunner$3.run(ParentRunner.java:231)
	at org.junit.runners.ParentRunner$1.schedule(ParentRunner.java:60)
	at org.junit.runners.ParentRunner.runChildren(ParentRunner.java:229)
	at org.junit.runners.ParentRunner.access$000(ParentRunner.java:50)
	at org.junit.runners.ParentRunner$2.evaluate(ParentRunner.java:222)
	at org.junit.runners.ParentRunner.run(ParentRunner.java:300)
	at org.apache.maven.surefire.junit4.JUnit4TestSet.execute(JUnit4TestSet.java:53)
	at org.apache.maven.surefire.junit4.JUnit4Provider.executeTestSet(JUnit4Provider.java:123)
	at org.apache.maven.surefire.junit4.JUnit4Provider.invoke(JUnit4Provider.java:104)
	at sun.reflect.NativeMethodAccessorImpl.invoke0(Native Method)
	at sun.reflect.NativeMethodAccessorImpl.invoke(Unknown Source)
	at sun.reflect.DelegatingMethodAccessorImpl.invoke(Unknown Source)
	at java.lang.reflect.Method.invoke(Unknown Source)
	at org.apache.maven.surefire.util.ReflectionUtils.invokeMethodWithArray(ReflectionUtils.java:164)
	at org.apache.maven.surefire.booter.ProviderFactory$ProviderProxy.invoke(ProviderFactory.java:110)
	at org.apache.maven.surefire.booter.SurefireStarter.invokeProvider(SurefireStarter.java:175)
	at org.apache.maven.surefire.booter.SurefireStarter.runSuitesInProcessWhenForked(SurefireStarter.java:81)
	at org.apache.maven.surefire.booter.ForkedBooter.main(ForkedBooter.java:68)
Caused by: java.lang.VerifyError: (class: com/alibaba/dubbo/common/serialize/support/dubbo/Builder$bc18, method: newInstance signature: (Lcom/alibaba/dubbo/common/serialize/support/dubbo/GenericObjectInput;)Ljava/lang/Object;) Expecting to find object/array on stack
	at java.lang.Class.getDeclaredFields0(Native Method)
	at java.lang.Class.privateGetDeclaredFields(Unknown Source)
	at java.lang.Class.getField0(Unknown Source)
	at java.lang.Class.getField(Unknown Source)
	at com.alibaba.dubbo.common.serialize.support.dubbo.Builder.newObjectBuilder(Builder.java:740)
	... 34 more
</error>
    <system-out>2012-05-14 17:14:34,668 INFO [com.alibaba.dubbo.common.serialize.support.dubbo.Builder:newBuilder] -  [DUBBO] create Builder for class: class java.math.BigInteger, dubbo version: 2.0.0, current host: 127.0.0.1
</system-out>
  </testcase>
  <testcase time="0.006" classname="com.alibaba.dubbo.common.serialize.serialization.DubboSerializationTest" name="test_BigDecimal"/>
  <testcase time="0.001" classname="com.alibaba.dubbo.common.serialize.serialization.DubboSerializationTest" name="test_BigDecimal_withType"/>
  <testcase time="0" classname="com.alibaba.dubbo.common.serialize.serialization.DubboSerializationTest" name="test_StringArrayList"/>
  <testcase time="0" classname="com.alibaba.dubbo.common.serialize.serialization.DubboSerializationTest" name="test_StringSet"/>
  <testcase time="0.015" classname="com.alibaba.dubbo.common.serialize.serialization.DubboSerializationTest" name="test_LinkedHashMap"/>
  <testcase time="0" classname="com.alibaba.dubbo.common.serialize.serialization.DubboSerializationTest" name="test_SPersonList"/>
  <testcase time="0.001" classname="com.alibaba.dubbo.common.serialize.serialization.DubboSerializationTest" name="test_SPersonSet"/>
  <testcase time="0" classname="com.alibaba.dubbo.common.serialize.serialization.DubboSerializationTest" name="test_IntSPersonMap"/>
  <testcase time="0" classname="com.alibaba.dubbo.common.serialize.serialization.DubboSerializationTest" name="test_StringSPersonMap"/>
  <testcase time="0" classname="com.alibaba.dubbo.common.serialize.serialization.DubboSerializationTest" name="test_StringSPersonListMap"/>
  <testcase time="0" classname="com.alibaba.dubbo.common.serialize.serialization.DubboSerializationTest" name="test_SPersonListList"/>
  <testcase time="0.077" classname="com.alibaba.dubbo.common.serialize.serialization.DubboSerializationTest" name="test_BigPerson"/>
  <testcase time="0.003" classname="com.alibaba.dubbo.common.serialize.serialization.DubboSerializationTest" name="test_BigPerson_WithType"/>
  <testcase time="0.001" classname="com.alibaba.dubbo.common.serialize.serialization.DubboSerializationTest" name="test_MediaContent"/>
  <testcase time="0.001" classname="com.alibaba.dubbo.common.serialize.serialization.DubboSerializationTest" name="test_MediaContent_WithType"/>
  <testcase time="0.003" classname="com.alibaba.dubbo.common.serialize.serialization.DubboSerializationTest" name="test_MultiObject"/>
  <testcase time="0.002" classname="com.alibaba.dubbo.common.serialize.serialization.DubboSerializationTest" name="test_MultiObject_WithType"/>
  <testcase time="0.002" classname="com.alibaba.dubbo.common.serialize.serialization.DubboSerializationTest" name="test_MediaContent_badStream"/>
  <testcase time="0.006" classname="com.alibaba.dubbo.common.serialize.serialization.DubboSerializationTest" name="test_URL_mutable_withType"/>
</testsuite>